13:31:45,073 [main      ] INFO  (ws.TimeServicePublisher) Publish service - [linea:16]
13:32:00,872 [pool-1-thread-1] INFO  (handler.MsgLogHandler) MSG-REQUEST - [linea:24]
13:32:01,018 [pool-1-thread-1] INFO  (handler.LogHandler) IN=[<S:Envelope xmlns:S="http://schemas.xmlsoap.org/soap/envelope/"><S:Header/><S:Body><ns2:getTimeAsString xmlns:ns2="http://ws.jaad.cibertec.edu/"/></S:Body></S:Envelope>] - [linea:26]
13:32:01,026 [pool-1-thread-1] INFO  (handler.LogHandler) OUT=[<S:Envelope xmlns:S="http://schemas.xmlsoap.org/soap/envelope/"><S:Body><ns2:getTimeAsStringResponse xmlns:ns2="http://ws.jaad.cibertec.edu/"><return>Sat Apr 30 13:32:01 COT 2016</return></ns2:getTimeAsStringResponse></S:Body></S:Envelope>] - [linea:26]
13:32:01,026 [pool-1-thread-1] INFO  (handler.MsgLogHandler) MSG-RESPONSE - [linea:24]
13:32:01,029 [main      ] INFO  (ws.TimeServiceClient) TimeAsString : Sat Apr 30 13:32:01 COT 2016 - [linea:28]
13:34:44,557 [main      ] INFO  (ws.TimeServicePublisher) Publish service - [linea:16]
13:35:18,514 [pool-1-thread-1] INFO  (handler.PublicHandler) IN=[<S:Envelope xmlns:S="http://schemas.xmlsoap.org/soap/envelope/"><S:Header/><S:Body><ns2:getTimeAsString xmlns:ns2="http://ws.jaad.cibertec.edu/"/></S:Body></S:Envelope>] - [linea:26]
13:35:18,515 [pool-1-thread-1] INFO  (handler.MsgLogHandler) MSG-REQUEST - [linea:24]
13:35:18,536 [pool-1-thread-1] INFO  (handler.LogHandler) IN=[<S:Envelope xmlns:S="http://schemas.xmlsoap.org/soap/envelope/"><S:Header/><S:Body><ns2:getTimeAsString xmlns:ns2="http://ws.jaad.cibertec.edu/"/></S:Body></S:Envelope>] - [linea:26]
13:35:18,541 [pool-1-thread-1] INFO  (handler.LogHandler) OUT=[<S:Envelope xmlns:S="http://schemas.xmlsoap.org/soap/envelope/"><S:Body><ns2:getTimeAsStringResponse xmlns:ns2="http://ws.jaad.cibertec.edu/"><return>Sat Apr 30 13:35:18 COT 2016</return></ns2:getTimeAsStringResponse></S:Body></S:Envelope>] - [linea:26]
13:35:18,542 [pool-1-thread-1] INFO  (handler.MsgLogHandler) MSG-RESPONSE - [linea:24]
13:35:18,542 [pool-1-thread-1] INFO  (handler.PublicHandler) OUT=[<S:Envelope xmlns:S="http://schemas.xmlsoap.org/soap/envelope/"><S:Body><ns2:getTimeAsStringResponse xmlns:ns2="http://ws.jaad.cibertec.edu/"><return>Sat Apr 30 13:35:18 COT 2016</return></ns2:getTimeAsStringResponse></S:Body></S:Envelope>] - [linea:26]
13:35:18,545 [main      ] INFO  (ws.TimeServiceClient) TimeAsString : Sat Apr 30 13:35:18 COT 2016 - [linea:28]
13:37:40,036 [main      ] INFO  (ws.TimeServicePublisher) Publish service - [linea:16]
13:37:45,797 [pool-1-thread-1] INFO  (handler.PublicHandler) MSD-REQUEST - [linea:26]
13:37:45,797 [pool-1-thread-1] INFO  (handler.MsgLogHandler) MSG-REQUEST - [linea:24]
13:37:45,810 [pool-1-thread-1] INFO  (handler.LogHandler) MSG-REQUEST - [linea:26]
13:37:45,815 [pool-1-thread-1] INFO  (handler.LogHandler) MSG-RESPONSE - [linea:26]
13:37:45,815 [pool-1-thread-1] INFO  (handler.MsgLogHandler) MSG-RESPONSE - [linea:24]
13:37:45,815 [pool-1-thread-1] INFO  (handler.PublicHandler) MSD-RESPONSE - [linea:26]
13:37:45,818 [main      ] INFO  (ws.TimeServiceClient) TimeAsString : Sat Apr 30 13:37:45 COT 2016 - [linea:28]
13:46:32,584 [main      ] INFO  (ws.TimeServicePublisher) Publish service - [linea:16]
