11:47:42,527 [main      ] INFO  (jaxb.JAXBMarshall:34) Salida:
<?xml version="1.0" encoding="UTF-8" standalone="yes"?>
<profesor>
    <apellido>Perez</apellido>
    <codigo>1334</codigo>
    <fechaIngreso>2016-05-02T00:00:00-05:00</fechaIngreso>
    <nombre>Manual</nombre>
</profesor>

11:49:03,091 [main      ] INFO  (jaxb.JAXBMarshall:34) Salida:
<?xml version="1.0" encoding="UTF-8" standalone="yes"?>
<profesor>
    <apellido>Perez</apellido>
    <codigo>9876</codigo>
    <fechaIngreso>2016-05-02T00:00:00-05:00</fechaIngreso>
    <nombre>Manual</nombre>
</profesor>

11:50:01,176 [main      ] INFO  (jaxb.JAXBMarshall:34) Salida:
<?xml version="1.0" encoding="UTF-8" standalone="yes"?>
<elprofe>
    <apellido>Perez</apellido>
    <codigo>9876</codigo>
    <fechaIngreso>2016-05-02T00:00:00-05:00</fechaIngreso>
    <nombre>Manual</nombre>
</elprofe>

11:51:18,239 [main      ] INFO  (jaxb.JAXBMarshall:34) Salida:
<?xml version="1.0" encoding="UTF-8" standalone="yes"?>
<ns2:elprofe xmlns:ns2="http//cibertec.edu.pe/jaxb/profesor:">
    <apellido>Perez</apellido>
    <codigo>9876</codigo>
    <fechaIngreso>2016-05-02T00:00:00-05:00</fechaIngreso>
    <nombre>Manual</nombre>
</ns2:elprofe>

11:51:53,985 [main      ] INFO  (jaxb.JAXBMarshall:34) Salida:
<?xml version="1.0" encoding="UTF-8" standalone="yes"?>
<ns2:elprofe xmlns:ns2="http//cibertec.edu.pe/jaxb/profesor">
    <apellido>Perez</apellido>
    <codigo>9876</codigo>
    <fechaIngreso>2016-05-02T00:00:00-05:00</fechaIngreso>
    <nombre>Manual</nombre>
</ns2:elprofe>

11:53:44,785 [main      ] INFO  (jaxb.JAXBMarshall:34) Salida:
<?xml version="1.0" encoding="UTF-8" standalone="yes"?>
<ns2:elprofe xmlns:ns2="http//cibertec.edu.pe/jaxb/profesor">
    <apellido>Perez</apellido>
    <code>9876</code>
    <fechaIngreso>2016-05-02T00:00:00-05:00</fechaIngreso>
    <nombre>Manual</nombre>
</ns2:elprofe>

11:55:56,675 [main      ] INFO  (jaxb.JAXBMarshall:34) Salida:
<?xml version="1.0" encoding="UTF-8" standalone="yes"?>
<ns2:elprofe xmlns:ns2="http//cibertec.edu.pe/jaxb/profesor" nombre="Manual">
    <apellido>Perez</apellido>
    <code>9876</code>
    <fechaIngreso>2016-05-02T00:00:00-05:00</fechaIngreso>
</ns2:elprofe>

11:57:33,863 [main      ] ERROR (jaxb.JAXBMarshall:37) Error al generar el archivo
com.sun.xml.internal.bind.v2.runtime.IllegalAnnotationsException: 2 counts of IllegalAnnotationExceptions
Property codigo is present but not specified in @XmlType.propOrder
	this problem is related to the following location:
		at public java.lang.Integer edu.cibertec.jaad.jaxb.Profesor.getCodigo()
		at edu.cibertec.jaad.jaxb.Profesor
Property code appears in @XmlType.propOrder, but no such property exists. Maybe you meant codigo?
	this problem is related to the following location:
		at edu.cibertec.jaad.jaxb.Profesor

	at com.sun.xml.internal.bind.v2.runtime.IllegalAnnotationsException$Builder.check(IllegalAnnotationsException.java:91)
	at com.sun.xml.internal.bind.v2.runtime.JAXBContextImpl.getTypeInfoSet(JAXBContextImpl.java:436)
	at com.sun.xml.internal.bind.v2.runtime.JAXBContextImpl.<init>(JAXBContextImpl.java:277)
	at com.sun.xml.internal.bind.v2.runtime.JAXBContextImpl$JAXBContextBuilder.build(JAXBContextImpl.java:1100)
	at com.sun.xml.internal.bind.v2.ContextFactory.createContext(ContextFactory.java:143)
	at com.sun.xml.internal.bind.v2.ContextFactory.createContext(ContextFactory.java:110)
	at sun.reflect.NativeMethodAccessorImpl.invoke0(Native Method)
	at sun.reflect.NativeMethodAccessorImpl.invoke(NativeMethodAccessorImpl.java:39)
	at sun.reflect.DelegatingMethodAccessorImpl.invoke(DelegatingMethodAccessorImpl.java:25)
	at java.lang.reflect.Method.invoke(Method.java:597)
	at javax.xml.bind.ContextFinder.newInstance(ContextFinder.java:202)
	at javax.xml.bind.ContextFinder.find(ContextFinder.java:376)
	at javax.xml.bind.JAXBContext.newInstance(JAXBContext.java:574)
	at javax.xml.bind.JAXBContext.newInstance(JAXBContext.java:522)
	at edu.cibertec.jaad.jaxb.JAXBMarshall.main(JAXBMarshall.java:27)
11:57:59,031 [main      ] INFO  (jaxb.JAXBMarshall:34) Salida:
<?xml version="1.0" encoding="UTF-8" standalone="yes"?>
<ns2:elprofe xmlns:ns2="http//cibertec.edu.pe/jaxb/profesor" nombre="Manuel">
    <fechaIngreso>2016-05-02T00:00:00-05:00</fechaIngreso>
    <code>9876</code>
    <apellido>Perez</apellido>
</ns2:elprofe>

12:03:09,329 [main      ] ERROR (jaxb.JAXBMarshall:37) Error al generar el archivo
com.sun.xml.internal.bind.v2.runtime.IllegalAnnotationsException: 2 counts of IllegalAnnotationExceptions
Property FechaIngreso is present but not specified in @XmlType.propOrder
	this problem is related to the following location:
		at private java.util.Date edu.cibertec.jaad.jaxb.Profesor.FechaIngreso
		at edu.cibertec.jaad.jaxb.Profesor
Property fechaIngreso appears in @XmlType.propOrder, but no such property exists. Maybe you meant FechaIngreso?
	this problem is related to the following location:
		at edu.cibertec.jaad.jaxb.Profesor

	at com.sun.xml.internal.bind.v2.runtime.IllegalAnnotationsException$Builder.check(IllegalAnnotationsException.java:91)
	at com.sun.xml.internal.bind.v2.runtime.JAXBContextImpl.getTypeInfoSet(JAXBContextImpl.java:436)
	at com.sun.xml.internal.bind.v2.runtime.JAXBContextImpl.<init>(JAXBContextImpl.java:277)
	at com.sun.xml.internal.bind.v2.runtime.JAXBContextImpl$JAXBContextBuilder.build(JAXBContextImpl.java:1100)
	at com.sun.xml.internal.bind.v2.ContextFactory.createContext(ContextFactory.java:143)
	at com.sun.xml.internal.bind.v2.ContextFactory.createContext(ContextFactory.java:110)
	at sun.reflect.NativeMethodAccessorImpl.invoke0(Native Method)
	at sun.reflect.NativeMethodAccessorImpl.invoke(NativeMethodAccessorImpl.java:39)
	at sun.reflect.DelegatingMethodAccessorImpl.invoke(DelegatingMethodAccessorImpl.java:25)
	at java.lang.reflect.Method.invoke(Method.java:597)
	at javax.xml.bind.ContextFinder.newInstance(ContextFinder.java:202)
	at javax.xml.bind.ContextFinder.find(ContextFinder.java:376)
	at javax.xml.bind.JAXBContext.newInstance(JAXBContext.java:574)
	at javax.xml.bind.JAXBContext.newInstance(JAXBContext.java:522)
	at edu.cibertec.jaad.jaxb.JAXBMarshall.main(JAXBMarshall.java:27)
12:04:21,646 [main      ] ERROR (jaxb.JAXBMarshall:37) Error al generar el archivo
com.sun.xml.internal.bind.v2.runtime.IllegalAnnotationsException: 2 counts of IllegalAnnotationExceptions
There are two properties named "codigo" 
	this problem is related to the following location:
		at public java.lang.Integer edu.cibertec.jaad.jaxb.Profesor.getCodigo()
		at edu.cibertec.jaad.jaxb.Profesor
	this problem is related to the following location:
		at private java.lang.Integer edu.cibertec.jaad.jaxb.Profesor.codigo
		at edu.cibertec.jaad.jaxb.Profesor
Class has two properties of the same name "codigo"
	this problem is related to the following location:
		at public java.lang.Integer edu.cibertec.jaad.jaxb.Profesor.getCodigo()
		at edu.cibertec.jaad.jaxb.Profesor
	this problem is related to the following location:
		at private java.lang.Integer edu.cibertec.jaad.jaxb.Profesor.codigo
		at edu.cibertec.jaad.jaxb.Profesor

	at com.sun.xml.internal.bind.v2.runtime.IllegalAnnotationsException$Builder.check(IllegalAnnotationsException.java:91)
	at com.sun.xml.internal.bind.v2.runtime.JAXBContextImpl.getTypeInfoSet(JAXBContextImpl.java:436)
	at com.sun.xml.internal.bind.v2.runtime.JAXBContextImpl.<init>(JAXBContextImpl.java:277)
	at com.sun.xml.internal.bind.v2.runtime.JAXBContextImpl$JAXBContextBuilder.build(JAXBContextImpl.java:1100)
	at com.sun.xml.internal.bind.v2.ContextFactory.createContext(ContextFactory.java:143)
	at com.sun.xml.internal.bind.v2.ContextFactory.createContext(ContextFactory.java:110)
	at sun.reflect.NativeMethodAccessorImpl.invoke0(Native Method)
	at sun.reflect.NativeMethodAccessorImpl.invoke(NativeMethodAccessorImpl.java:39)
	at sun.reflect.DelegatingMethodAccessorImpl.invoke(DelegatingMethodAccessorImpl.java:25)
	at java.lang.reflect.Method.invoke(Method.java:597)
	at javax.xml.bind.ContextFinder.newInstance(ContextFinder.java:202)
	at javax.xml.bind.ContextFinder.find(ContextFinder.java:376)
	at javax.xml.bind.JAXBContext.newInstance(JAXBContext.java:574)
	at javax.xml.bind.JAXBContext.newInstance(JAXBContext.java:522)
	at edu.cibertec.jaad.jaxb.JAXBMarshall.main(JAXBMarshall.java:27)
12:04:48,936 [main      ] INFO  (jaxb.JAXBMarshall:34) Salida:
<?xml version="1.0" encoding="UTF-8" standalone="yes"?>
<ns2:elprofe xmlns:ns2="http//cibertec.edu.pe/jaxb/profesor" nombre="Manuel">
    <fechaIngreso>2016-05-02T00:00:00-05:00</fechaIngreso>
    <code>9876</code>
    <apellido>Perez</apellido>
</ns2:elprofe>

12:46:06,263 [main      ] INFO  (jaxb.JAXBUnmarshall:21) Datos del profesor
12:46:06,265 [main      ] INFO  (jaxb.JAXBUnmarshall:22) Codigo		:9876
12:46:06,265 [main      ] INFO  (jaxb.JAXBUnmarshall:23) Nombre		:Manuel
12:46:06,265 [main      ] INFO  (jaxb.JAXBUnmarshall:24) Apellido		:Perez
12:46:06,267 [main      ] INFO  (jaxb.JAXBUnmarshall:25) FechaIngreso	:Mon May 02 00:00:00 COT 2016
12:51:41,732 [main      ] INFO  (jaxb.JAXBUnmarshall:21) Datos del profesor:
12:51:41,733 [main      ] INFO  (jaxb.JAXBUnmarshall:22) Codigo		:9876
12:51:41,733 [main      ] INFO  (jaxb.JAXBUnmarshall:23) Nombre		:Manuel
12:51:41,734 [main      ] INFO  (jaxb.JAXBUnmarshall:24) Apellido		:Perez
12:51:41,735 [main      ] INFO  (jaxb.JAXBUnmarshall:25) FechaIngreso	:Mon May 02 00:00:00 COT 2016
